{"C:\\Users\\Solanki Haresh\\Desktop\\Baatain-chat-app\\Baatain-chat-app\\client\\src\\api\\api-end-points.ts": {"path":"C:\\Users\\Solanki Haresh\\Desktop\\Baatain-chat-app\\Baatain-chat-app\\client\\src\\api\\api-end-points.ts","statementMap":{"0":{"start":{"line":1,"column":22},"end":{"line":5,"column":1}}},"fnMap":{},"branchMap":{},"s":{"0":1},"f":{},"b":{},"_coverageSchema":"1a1c01bbd47fc00a2c39e90264f33305004495a9","hash":"94f458546bc2089104d1ebbbd8726126bb0a2529"}
,"C:\\Users\\Solanki Haresh\\Desktop\\Baatain-chat-app\\Baatain-chat-app\\client\\src\\api\\api-managers.ts": {"path":"C:\\Users\\Solanki Haresh\\Desktop\\Baatain-chat-app\\Baatain-chat-app\\client\\src\\api\\api-managers.ts","statementMap":{"0":{"start":{"line":11,"column":32},"end":{"line":25,"column":1}},"1":{"start":{"line":12,"column":4},"end":{"line":24,"column":5}},"2":{"start":{"line":13,"column":25},"end":{"line":16,"column":10}},"3":{"start":{"line":17,"column":8},"end":{"line":21,"column":9}},"4":{"start":{"line":18,"column":12},"end":{"line":18,"column":33}},"5":{"start":{"line":20,"column":12},"end":{"line":20,"column":51}},"6":{"start":{"line":23,"column":8},"end":{"line":23,"column":52}},"7":{"start":{"line":27,"column":33},"end":{"line":38,"column":1}},"8":{"start":{"line":28,"column":2},"end":{"line":37,"column":3}},"9":{"start":{"line":29,"column":21},"end":{"line":29,"column":70}},"10":{"start":{"line":30,"column":4},"end":{"line":34,"column":9}},"11":{"start":{"line":31,"column":12},"end":{"line":31,"column":33}},"12":{"start":{"line":33,"column":12},"end":{"line":33,"column":51}},"13":{"start":{"line":36,"column":4},"end":{"line":36,"column":48}},"14":{"start":{"line":40,"column":32},"end":{"line":51,"column":1}},"15":{"start":{"line":41,"column":2},"end":{"line":50,"column":3}},"16":{"start":{"line":42,"column":21},"end":{"line":42,"column":69}},"17":{"start":{"line":43,"column":4},"end":{"line":47,"column":5}},"18":{"start":{"line":44,"column":8},"end":{"line":44,"column":29}},"19":{"start":{"line":46,"column":8},"end":{"line":46,"column":47}},"20":{"start":{"line":49,"column":4},"end":{"line":49,"column":48}},"21":{"start":{"line":53,"column":35},"end":{"line":67,"column":1}},"22":{"start":{"line":54,"column":2},"end":{"line":66,"column":3}},"23":{"start":{"line":55,"column":21},"end":{"line":58,"column":6}},"24":{"start":{"line":59,"column":4},"end":{"line":63,"column":5}},"25":{"start":{"line":60,"column":8},"end":{"line":60,"column":29}},"26":{"start":{"line":62,"column":8},"end":{"line":62,"column":47}},"27":{"start":{"line":65,"column":4},"end":{"line":65,"column":48}}},"fnMap":{"0":{"name":"(anonymous_0)","decl":{"start":{"line":11,"column":32},"end":{"line":11,"column":33}},"loc":{"start":{"line":11,"column":90},"end":{"line":25,"column":1}},"line":11},"1":{"name":"(anonymous_1)","decl":{"start":{"line":27,"column":33},"end":{"line":27,"column":34}},"loc":{"start":{"line":27,"column":93},"end":{"line":38,"column":1}},"line":27},"2":{"name":"(anonymous_2)","decl":{"start":{"line":40,"column":32},"end":{"line":40,"column":33}},"loc":{"start":{"line":40,"column":92},"end":{"line":51,"column":1}},"line":40},"3":{"name":"(anonymous_3)","decl":{"start":{"line":53,"column":35},"end":{"line":53,"column":36}},"loc":{"start":{"line":53,"column":94},"end":{"line":67,"column":1}},"line":53}},"branchMap":{"0":{"loc":{"start":{"line":17,"column":8},"end":{"line":21,"column":9}},"type":"if","locations":[{"start":{"line":17,"column":8},"end":{"line":21,"column":9}},{"start":{"line":19,"column":15},"end":{"line":21,"column":9}}],"line":17},"1":{"loc":{"start":{"line":23,"column":14},"end":{"line":23,"column":51}},"type":"binary-expr","locations":[{"start":{"line":23,"column":14},"end":{"line":23,"column":34}},{"start":{"line":23,"column":38},"end":{"line":23,"column":51}}],"line":23},"2":{"loc":{"start":{"line":30,"column":4},"end":{"line":34,"column":9}},"type":"if","locations":[{"start":{"line":30,"column":4},"end":{"line":34,"column":9}},{"start":{"line":32,"column":15},"end":{"line":34,"column":9}}],"line":30},"3":{"loc":{"start":{"line":30,"column":7},"end":{"line":30,"column":59}},"type":"binary-expr","locations":[{"start":{"line":30,"column":7},"end":{"line":30,"column":31}},{"start":{"line":30,"column":35},"end":{"line":30,"column":59}}],"line":30},"4":{"loc":{"start":{"line":36,"column":10},"end":{"line":36,"column":47}},"type":"binary-expr","locations":[{"start":{"line":36,"column":10},"end":{"line":36,"column":30}},{"start":{"line":36,"column":34},"end":{"line":36,"column":47}}],"line":36},"5":{"loc":{"start":{"line":43,"column":4},"end":{"line":47,"column":5}},"type":"if","locations":[{"start":{"line":43,"column":4},"end":{"line":47,"column":5}},{"start":{"line":45,"column":11},"end":{"line":47,"column":5}}],"line":43},"6":{"loc":{"start":{"line":49,"column":10},"end":{"line":49,"column":47}},"type":"binary-expr","locations":[{"start":{"line":49,"column":10},"end":{"line":49,"column":30}},{"start":{"line":49,"column":34},"end":{"line":49,"column":47}}],"line":49},"7":{"loc":{"start":{"line":59,"column":4},"end":{"line":63,"column":5}},"type":"if","locations":[{"start":{"line":59,"column":4},"end":{"line":63,"column":5}},{"start":{"line":61,"column":11},"end":{"line":63,"column":5}}],"line":59},"8":{"loc":{"start":{"line":65,"column":10},"end":{"line":65,"column":47}},"type":"binary-expr","locations":[{"start":{"line":65,"column":10},"end":{"line":65,"column":30}},{"start":{"line":65,"column":34},"end":{"line":65,"column":47}}],"line":65}},"s":{"0":1,"1":0,"2":0,"3":0,"4":0,"5":0,"6":0,"7":1,"8":0,"9":0,"10":0,"11":0,"12":0,"13":0,"14":1,"15":0,"16":0,"17":0,"18":0,"19":0,"20":0,"21":1,"22":0,"23":0,"24":0,"25":0,"26":0,"27":0},"f":{"0":0,"1":0,"2":0,"3":0},"b":{"0":[0,0],"1":[0,0],"2":[0,0],"3":[0,0],"4":[0,0],"5":[0,0],"6":[0,0],"7":[0,0],"8":[0,0]},"_coverageSchema":"1a1c01bbd47fc00a2c39e90264f33305004495a9","hash":"4c1a176a3c5d470bef9ea93a44ad175ecbef48fc"}
,"C:\\Users\\Solanki Haresh\\Desktop\\Baatain-chat-app\\Baatain-chat-app\\client\\src\\api\\axios-instance.ts": {"path":"C:\\Users\\Solanki Haresh\\Desktop\\Baatain-chat-app\\Baatain-chat-app\\client\\src\\api\\axios-instance.ts","statementMap":{"0":{"start":{"line":3,"column":22},"end":{"line":9,"column":2}},"1":{"start":{"line":13,"column":0},"end":{"line":22,"column":1}},"2":{"start":{"line":15,"column":22},"end":{"line":15,"column":51}},"3":{"start":{"line":16,"column":8},"end":{"line":18,"column":9}},"4":{"start":{"line":17,"column":12},"end":{"line":17,"column":60}},"5":{"start":{"line":19,"column":8},"end":{"line":19,"column":21}},"6":{"start":{"line":21,"column":15},"end":{"line":21,"column":36}},"7":{"start":{"line":24,"column":0},"end":{"line":34,"column":1}},"8":{"start":{"line":26,"column":8},"end":{"line":26,"column":23}},"9":{"start":{"line":29,"column":8},"end":{"line":31,"column":9}},"10":{"start":{"line":30,"column":12},"end":{"line":30,"column":67}},"11":{"start":{"line":32,"column":8},"end":{"line":32,"column":36}}},"fnMap":{"0":{"name":"(anonymous_0)","decl":{"start":{"line":14,"column":4},"end":{"line":14,"column":5}},"loc":{"start":{"line":14,"column":72},"end":{"line":20,"column":5}},"line":14},"1":{"name":"(anonymous_1)","decl":{"start":{"line":21,"column":4},"end":{"line":21,"column":5}},"loc":{"start":{"line":21,"column":15},"end":{"line":21,"column":36}},"line":21},"2":{"name":"(anonymous_2)","decl":{"start":{"line":25,"column":4},"end":{"line":25,"column":5}},"loc":{"start":{"line":25,"column":18},"end":{"line":27,"column":5}},"line":25},"3":{"name":"(anonymous_3)","decl":{"start":{"line":28,"column":4},"end":{"line":28,"column":5}},"loc":{"start":{"line":28,"column":15},"end":{"line":33,"column":5}},"line":28}},"branchMap":{"0":{"loc":{"start":{"line":16,"column":8},"end":{"line":18,"column":9}},"type":"if","locations":[{"start":{"line":16,"column":8},"end":{"line":18,"column":9}},{"start":{},"end":{}}],"line":16},"1":{"loc":{"start":{"line":29,"column":8},"end":{"line":31,"column":9}},"type":"if","locations":[{"start":{"line":29,"column":8},"end":{"line":31,"column":9}},{"start":{},"end":{}}],"line":29}},"s":{"0":1,"1":1,"2":0,"3":0,"4":0,"5":0,"6":0,"7":1,"8":0,"9":0,"10":0,"11":0},"f":{"0":0,"1":0,"2":0,"3":0},"b":{"0":[0,0],"1":[0,0]},"_coverageSchema":"1a1c01bbd47fc00a2c39e90264f33305004495a9","hash":"db91ee4c1613900931e60cf4e84882fe9e609625"}
,"C:\\Users\\Solanki Haresh\\Desktop\\Baatain-chat-app\\Baatain-chat-app\\client\\src\\components\\Elements\\Input\\Input.tsx": {"path":"C:\\Users\\Solanki Haresh\\Desktop\\Baatain-chat-app\\Baatain-chat-app\\client\\src\\components\\Elements\\Input\\Input.tsx","statementMap":{"0":{"start":{"line":21,"column":43},"end":{"line":101,"column":1}},"1":{"start":{"line":33,"column":31},"end":{"line":33,"column":46}},"2":{"start":{"line":34,"column":28},"end":{"line":34,"column":65}},"3":{"start":{"line":36,"column":23},"end":{"line":57,"column":3}},"4":{"start":{"line":37,"column":23},"end":{"line":37,"column":37}},"5":{"start":{"line":38,"column":4},"end":{"line":38,"column":34}},"6":{"start":{"line":39,"column":4},"end":{"line":47,"column":5}},"7":{"start":{"line":40,"column":25},"end":{"line":40,"column":53}},"8":{"start":{"line":41,"column":6},"end":{"line":46,"column":7}},"9":{"start":{"line":42,"column":8},"end":{"line":45,"column":9}},"10":{"start":{"line":43,"column":10},"end":{"line":43,"column":40}},"11":{"start":{"line":44,"column":10},"end":{"line":44,"column":16}},"12":{"start":{"line":49,"column":4},"end":{"line":56,"column":5}},"13":{"start":{"line":50,"column":30},"end":{"line":50,"column":41}},"14":{"start":{"line":51,"column":6},"end":{"line":51,"column":31}},"15":{"start":{"line":52,"column":11},"end":{"line":56,"column":5}},"16":{"start":{"line":53,"column":6},"end":{"line":53,"column":39}},"17":{"start":{"line":55,"column":6},"end":{"line":55,"column":20}},"18":{"start":{"line":59,"column":21},"end":{"line":66,"column":3}},"19":{"start":{"line":60,"column":4},"end":{"line":60,"column":19}},"20":{"start":{"line":61,"column":23},"end":{"line":61,"column":37}},"21":{"start":{"line":62,"column":4},"end":{"line":64,"column":5}},"22":{"start":{"line":63,"column":6},"end":{"line":63,"column":39}},"23":{"start":{"line":65,"column":4},"end":{"line":65,"column":42}},"24":{"start":{"line":68,"column":2},"end":{"line":70,"column":20}},"25":{"start":{"line":69,"column":4},"end":{"line":69,"column":26}},"26":{"start":{"line":72,"column":2},"end":{"line":72,"column":36}},"27":{"start":{"line":73,"column":2},"end":{"line":100,"column":3}}},"fnMap":{"0":{"name":"(anonymous_0)","decl":{"start":{"line":21,"column":43},"end":{"line":21,"column":44}},"loc":{"start":{"line":32,"column":6},"end":{"line":101,"column":1}},"line":32},"1":{"name":"(anonymous_1)","decl":{"start":{"line":36,"column":23},"end":{"line":36,"column":24}},"loc":{"start":{"line":36,"column":67},"end":{"line":57,"column":3}},"line":36},"2":{"name":"(anonymous_2)","decl":{"start":{"line":59,"column":21},"end":{"line":59,"column":22}},"loc":{"start":{"line":59,"column":64},"end":{"line":66,"column":3}},"line":59},"3":{"name":"(anonymous_3)","decl":{"start":{"line":68,"column":12},"end":{"line":68,"column":13}},"loc":{"start":{"line":68,"column":18},"end":{"line":70,"column":3}},"line":68}},"branchMap":{"0":{"loc":{"start":{"line":24,"column":2},"end":{"line":24,"column":11}},"type":"default-arg","locations":[{"start":{"line":24,"column":9},"end":{"line":24,"column":11}}],"line":24},"1":{"loc":{"start":{"line":25,"column":2},"end":{"line":25,"column":11}},"type":"default-arg","locations":[{"start":{"line":25,"column":9},"end":{"line":25,"column":11}}],"line":25},"2":{"loc":{"start":{"line":30,"column":2},"end":{"line":30,"column":21}},"type":"default-arg","locations":[{"start":{"line":30,"column":17},"end":{"line":30,"column":21}}],"line":30},"3":{"loc":{"start":{"line":39,"column":4},"end":{"line":47,"column":5}},"type":"if","locations":[{"start":{"line":39,"column":4},"end":{"line":47,"column":5}},{"start":{},"end":{}}],"line":39},"4":{"loc":{"start":{"line":41,"column":6},"end":{"line":46,"column":7}},"type":"if","locations":[{"start":{"line":41,"column":6},"end":{"line":46,"column":7}},{"start":{},"end":{}}],"line":41},"5":{"loc":{"start":{"line":42,"column":8},"end":{"line":45,"column":9}},"type":"if","locations":[{"start":{"line":42,"column":8},"end":{"line":45,"column":9}},{"start":{},"end":{}}],"line":42},"6":{"loc":{"start":{"line":49,"column":4},"end":{"line":56,"column":5}},"type":"if","locations":[{"start":{"line":49,"column":4},"end":{"line":56,"column":5}},{"start":{"line":52,"column":11},"end":{"line":56,"column":5}}],"line":49},"7":{"loc":{"start":{"line":52,"column":11},"end":{"line":56,"column":5}},"type":"if","locations":[{"start":{"line":52,"column":11},"end":{"line":56,"column":5}},{"start":{"line":54,"column":11},"end":{"line":56,"column":5}}],"line":52},"8":{"loc":{"start":{"line":52,"column":15},"end":{"line":52,"column":40}},"type":"binary-expr","locations":[{"start":{"line":52,"column":15},"end":{"line":52,"column":25}},{"start":{"line":52,"column":29},"end":{"line":52,"column":40}}],"line":52},"9":{"loc":{"start":{"line":62,"column":4},"end":{"line":64,"column":5}},"type":"if","locations":[{"start":{"line":62,"column":4},"end":{"line":64,"column":5}},{"start":{},"end":{}}],"line":62},"10":{"loc":{"start":{"line":62,"column":8},"end":{"line":62,"column":33}},"type":"binary-expr","locations":[{"start":{"line":62,"column":8},"end":{"line":62,"column":18}},{"start":{"line":62,"column":22},"end":{"line":62,"column":33}}],"line":62},"11":{"loc":{"start":{"line":65,"column":4},"end":{"line":65,"column":42}},"type":"binary-expr","locations":[{"start":{"line":65,"column":4},"end":{"line":65,"column":10}},{"start":{"line":65,"column":14},"end":{"line":65,"column":42}}],"line":65},"12":{"loc":{"start":{"line":75,"column":7},"end":{"line":80,"column":7}},"type":"binary-expr","locations":[{"start":{"line":75,"column":7},"end":{"line":75,"column":12}},{"start":{"line":76,"column":8},"end":{"line":79,"column":16}}],"line":75},"13":{"loc":{"start":{"line":78,"column":11},"end":{"line":78,"column":69}},"type":"cond-expr","locations":[{"start":{"line":78,"column":24},"end":{"line":78,"column":61}},{"start":{"line":78,"column":64},"end":{"line":78,"column":69}}],"line":78},"14":{"loc":{"start":{"line":83,"column":10},"end":{"line":85,"column":32}},"type":"cond-expr","locations":[{"start":{"line":84,"column":14},"end":{"line":84,"column":58}},{"start":{"line":85,"column":14},"end":{"line":85,"column":32}}],"line":83},"15":{"loc":{"start":{"line":92,"column":17},"end":{"line":92,"column":42}},"type":"cond-expr","locations":[{"start":{"line":92,"column":25},"end":{"line":92,"column":30}},{"start":{"line":92,"column":33},"end":{"line":92,"column":42}}],"line":92},"16":{"loc":{"start":{"line":94,"column":24},"end":{"line":94,"column":42}},"type":"binary-expr","locations":[{"start":{"line":94,"column":24},"end":{"line":94,"column":31}},{"start":{"line":94,"column":35},"end":{"line":94,"column":42}}],"line":94},"17":{"loc":{"start":{"line":98,"column":7},"end":{"line":98,"column":67}},"type":"binary-expr","locations":[{"start":{"line":98,"column":7},"end":{"line":98,"column":12}},{"start":{"line":98,"column":16},"end":{"line":98,"column":67}}],"line":98}},"s":{"0":1,"1":0,"2":0,"3":0,"4":0,"5":0,"6":0,"7":0,"8":0,"9":0,"10":0,"11":0,"12":0,"13":0,"14":0,"15":0,"16":0,"17":0,"18":0,"19":0,"20":0,"21":0,"22":0,"23":0,"24":0,"25":0,"26":0,"27":0},"f":{"0":0,"1":0,"2":0,"3":0},"b":{"0":[0],"1":[0],"2":[0],"3":[0,0],"4":[0,0],"5":[0,0],"6":[0,0],"7":[0,0],"8":[0,0],"9":[0,0],"10":[0,0],"11":[0,0],"12":[0,0],"13":[0,0],"14":[0,0],"15":[0,0],"16":[0,0],"17":[0,0]},"_coverageSchema":"1a1c01bbd47fc00a2c39e90264f33305004495a9","hash":"6ce9a6c898126c93c7be1fa5ace541f3abee27a8"}
,"C:\\Users\\Solanki Haresh\\Desktop\\Baatain-chat-app\\Baatain-chat-app\\client\\src\\components\\Elements\\spinner\\Spinner.tsx": {"path":"C:\\Users\\Solanki Haresh\\Desktop\\Baatain-chat-app\\Baatain-chat-app\\client\\src\\components\\Elements\\spinner\\Spinner.tsx","statementMap":{"0":{"start":{"line":4,"column":23},"end":{"line":10,"column":1}},"1":{"start":{"line":5,"column":2},"end":{"line":9,"column":3}}},"fnMap":{"0":{"name":"(anonymous_0)","decl":{"start":{"line":4,"column":23},"end":{"line":4,"column":24}},"loc":{"start":{"line":4,"column":29},"end":{"line":10,"column":1}},"line":4}},"branchMap":{},"s":{"0":1,"1":0},"f":{"0":0},"b":{},"_coverageSchema":"1a1c01bbd47fc00a2c39e90264f33305004495a9","hash":"48ee768db4b38ef6b2fc34e53bdab0e42708f76e"}
,"C:\\Users\\Solanki Haresh\\Desktop\\Baatain-chat-app\\Baatain-chat-app\\client\\src\\contexts\\ThemeContext.tsx": {"path":"C:\\Users\\Solanki Haresh\\Desktop\\Baatain-chat-app\\Baatain-chat-app\\client\\src\\contexts\\ThemeContext.tsx","statementMap":{"0":{"start":{"line":8,"column":21},"end":{"line":8,"column":75}},"1":{"start":{"line":10,"column":62},"end":{"line":32,"column":1}},"2":{"start":{"line":11,"column":29},"end":{"line":13,"column":6}},"3":{"start":{"line":12,"column":8},"end":{"line":12,"column":77}},"4":{"start":{"line":15,"column":24},"end":{"line":20,"column":5}},"5":{"start":{"line":16,"column":8},"end":{"line":19,"column":11}},"6":{"start":{"line":17,"column":12},"end":{"line":17,"column":46}},"7":{"start":{"line":18,"column":12},"end":{"line":18,"column":59}},"8":{"start":{"line":22,"column":4},"end":{"line":26,"column":14}},"9":{"start":{"line":23,"column":8},"end":{"line":23,"column":37}},"10":{"start":{"line":24,"column":8},"end":{"line":24,"column":67}},"11":{"start":{"line":25,"column":8},"end":{"line":25,"column":45}},"12":{"start":{"line":27,"column":4},"end":{"line":31,"column":5}},"13":{"start":{"line":34,"column":24},"end":{"line":41,"column":1}},"14":{"start":{"line":35,"column":20},"end":{"line":35,"column":44}},"15":{"start":{"line":36,"column":4},"end":{"line":36,"column":34}},"16":{"start":{"line":37,"column":4},"end":{"line":39,"column":5}},"17":{"start":{"line":38,"column":8},"end":{"line":38,"column":72}},"18":{"start":{"line":40,"column":4},"end":{"line":40,"column":19}}},"fnMap":{"0":{"name":"(anonymous_0)","decl":{"start":{"line":10,"column":62},"end":{"line":10,"column":63}},"loc":{"start":{"line":10,"column":78},"end":{"line":32,"column":1}},"line":10},"1":{"name":"(anonymous_1)","decl":{"start":{"line":11,"column":56},"end":{"line":11,"column":57}},"loc":{"start":{"line":11,"column":62},"end":{"line":13,"column":5}},"line":11},"2":{"name":"(anonymous_2)","decl":{"start":{"line":15,"column":24},"end":{"line":15,"column":25}},"loc":{"start":{"line":15,"column":30},"end":{"line":20,"column":5}},"line":15},"3":{"name":"(anonymous_3)","decl":{"start":{"line":16,"column":17},"end":{"line":16,"column":18}},"loc":{"start":{"line":16,"column":31},"end":{"line":19,"column":9}},"line":16},"4":{"name":"(anonymous_4)","decl":{"start":{"line":22,"column":14},"end":{"line":22,"column":15}},"loc":{"start":{"line":22,"column":20},"end":{"line":26,"column":5}},"line":22},"5":{"name":"(anonymous_5)","decl":{"start":{"line":34,"column":24},"end":{"line":34,"column":25}},"loc":{"start":{"line":34,"column":49},"end":{"line":41,"column":1}},"line":34}},"branchMap":{"0":{"loc":{"start":{"line":12,"column":15},"end":{"line":12,"column":77}},"type":"binary-expr","locations":[{"start":{"line":12,"column":16},"end":{"line":12,"column":65}},{"start":{"line":12,"column":70},"end":{"line":12,"column":77}}],"line":12},"1":{"loc":{"start":{"line":18,"column":19},"end":{"line":18,"column":59}},"type":"cond-expr","locations":[{"start":{"line":18,"column":43},"end":{"line":18,"column":49}},{"start":{"line":18,"column":52},"end":{"line":18,"column":59}}],"line":18},"2":{"loc":{"start":{"line":37,"column":4},"end":{"line":39,"column":5}},"type":"if","locations":[{"start":{"line":37,"column":4},"end":{"line":39,"column":5}},{"start":{},"end":{}}],"line":37}},"s":{"0":1,"1":1,"2":0,"3":0,"4":0,"5":0,"6":0,"7":0,"8":0,"9":0,"10":0,"11":0,"12":0,"13":1,"14":0,"15":0,"16":0,"17":0,"18":0},"f":{"0":0,"1":0,"2":0,"3":0,"4":0,"5":0},"b":{"0":[0,0],"1":[0,0],"2":[0,0]},"_coverageSchema":"1a1c01bbd47fc00a2c39e90264f33305004495a9","hash":"7b871f94388887d8ac7d5fca823e9a820d45c85f"}
,"C:\\Users\\Solanki Haresh\\Desktop\\Baatain-chat-app\\Baatain-chat-app\\client\\src\\contexts\\auth-context.tsx": {"path":"C:\\Users\\Solanki Haresh\\Desktop\\Baatain-chat-app\\Baatain-chat-app\\client\\src\\contexts\\auth-context.tsx","statementMap":{"0":{"start":{"line":9,"column":20},"end":{"line":13,"column":2}},"1":{"start":{"line":15,"column":28},"end":{"line":23,"column":1}},"2":{"start":{"line":16,"column":39},"end":{"line":16,"column":99}},"3":{"start":{"line":17,"column":18},"end":{"line":17,"column":43}},"4":{"start":{"line":17,"column":24},"end":{"line":17,"column":43}},"5":{"start":{"line":18,"column":19},"end":{"line":18,"column":45}},"6":{"start":{"line":18,"column":25},"end":{"line":18,"column":45}},"7":{"start":{"line":20,"column":4},"end":{"line":22,"column":27}},"8":{"start":{"line":25,"column":23},"end":{"line":25,"column":52}},"9":{"start":{"line":25,"column":29},"end":{"line":25,"column":52}}},"fnMap":{"0":{"name":"(anonymous_0)","decl":{"start":{"line":11,"column":11},"end":{"line":11,"column":12}},"loc":{"start":{"line":11,"column":17},"end":{"line":11,"column":19}},"line":11},"1":{"name":"(anonymous_1)","decl":{"start":{"line":12,"column":12},"end":{"line":12,"column":13}},"loc":{"start":{"line":12,"column":18},"end":{"line":12,"column":20}},"line":12},"2":{"name":"(anonymous_2)","decl":{"start":{"line":15,"column":28},"end":{"line":15,"column":29}},"loc":{"start":{"line":15,"column":65},"end":{"line":23,"column":1}},"line":15},"3":{"name":"(anonymous_3)","decl":{"start":{"line":17,"column":18},"end":{"line":17,"column":19}},"loc":{"start":{"line":17,"column":24},"end":{"line":17,"column":43}},"line":17},"4":{"name":"(anonymous_4)","decl":{"start":{"line":18,"column":19},"end":{"line":18,"column":20}},"loc":{"start":{"line":18,"column":25},"end":{"line":18,"column":45}},"line":18},"5":{"name":"(anonymous_5)","decl":{"start":{"line":25,"column":23},"end":{"line":25,"column":24}},"loc":{"start":{"line":25,"column":29},"end":{"line":25,"column":52}},"line":25}},"branchMap":{"0":{"loc":{"start":{"line":10,"column":15},"end":{"line":10,"column":65}},"type":"cond-expr","locations":[{"start":{"line":10,"column":53},"end":{"line":10,"column":57}},{"start":{"line":10,"column":60},"end":{"line":10,"column":65}}],"line":10},"1":{"loc":{"start":{"line":16,"column":48},"end":{"line":16,"column":98}},"type":"cond-expr","locations":[{"start":{"line":16,"column":86},"end":{"line":16,"column":90}},{"start":{"line":16,"column":93},"end":{"line":16,"column":98}}],"line":16}},"s":{"0":1,"1":1,"2":0,"3":0,"4":0,"5":0,"6":0,"7":0,"8":1,"9":0},"f":{"0":0,"1":0,"2":0,"3":0,"4":0,"5":0},"b":{"0":[0,1],"1":[0,0]},"_coverageSchema":"1a1c01bbd47fc00a2c39e90264f33305004495a9","hash":"de898c856ac10c772e0c63742cd107997e4308a7"}
,"C:\\Users\\Solanki Haresh\\Desktop\\Baatain-chat-app\\Baatain-chat-app\\client\\src\\modules\\auth\\login\\Login.tsx": {"path":"C:\\Users\\Solanki Haresh\\Desktop\\Baatain-chat-app\\Baatain-chat-app\\client\\src\\modules\\auth\\login\\Login.tsx","statementMap":{"0":{"start":{"line":23,"column":36},"end":{"line":81,"column":1}},"1":{"start":{"line":24,"column":20},"end":{"line":24,"column":30}},"2":{"start":{"line":25,"column":20},"end":{"line":25,"column":29}},"3":{"start":{"line":26,"column":34},"end":{"line":26,"column":78}},"4":{"start":{"line":27,"column":30},"end":{"line":27,"column":74}},"5":{"start":{"line":28,"column":36},"end":{"line":28,"column":51}},"6":{"start":{"line":29,"column":23},"end":{"line":34,"column":3}},"7":{"start":{"line":30,"column":33},"end":{"line":30,"column":38}},"8":{"start":{"line":31,"column":4},"end":{"line":33,"column":6}},"9":{"start":{"line":32,"column":6},"end":{"line":32,"column":44}},"10":{"start":{"line":36,"column":22},"end":{"line":43,"column":3}},"11":{"start":{"line":37,"column":4},"end":{"line":37,"column":58}},"12":{"start":{"line":37,"column":52},"end":{"line":37,"column":58}},"13":{"start":{"line":38,"column":17},"end":{"line":41,"column":5}},"14":{"start":{"line":39,"column":6},"end":{"line":39,"column":13}},"15":{"start":{"line":40,"column":6},"end":{"line":40,"column":70}},"16":{"start":{"line":42,"column":4},"end":{"line":42,"column":62}},"17":{"start":{"line":45,"column":2},"end":{"line":80,"column":3}},"18":{"start":{"line":75,"column":33},"end":{"line":75,"column":62}},"19":{"start":{"line":75,"column":56},"end":{"line":75,"column":61}}},"fnMap":{"0":{"name":"(anonymous_0)","decl":{"start":{"line":23,"column":36},"end":{"line":23,"column":37}},"loc":{"start":{"line":23,"column":58},"end":{"line":81,"column":1}},"line":23},"1":{"name":"(anonymous_1)","decl":{"start":{"line":29,"column":23},"end":{"line":29,"column":24}},"loc":{"start":{"line":29,"column":72},"end":{"line":34,"column":3}},"line":29},"2":{"name":"(anonymous_2)","decl":{"start":{"line":31,"column":16},"end":{"line":31,"column":17}},"loc":{"start":{"line":31,"column":26},"end":{"line":33,"column":5}},"line":31},"3":{"name":"(anonymous_3)","decl":{"start":{"line":36,"column":22},"end":{"line":36,"column":23}},"loc":{"start":{"line":36,"column":28},"end":{"line":43,"column":3}},"line":36},"4":{"name":"(anonymous_4)","decl":{"start":{"line":38,"column":17},"end":{"line":38,"column":18}},"loc":{"start":{"line":38,"column":50},"end":{"line":41,"column":5}},"line":38},"5":{"name":"(anonymous_5)","decl":{"start":{"line":75,"column":27},"end":{"line":75,"column":28}},"loc":{"start":{"line":75,"column":33},"end":{"line":75,"column":62}},"line":75},"6":{"name":"(anonymous_6)","decl":{"start":{"line":75,"column":46},"end":{"line":75,"column":47}},"loc":{"start":{"line":75,"column":56},"end":{"line":75,"column":61}},"line":75}},"branchMap":{"0":{"loc":{"start":{"line":37,"column":4},"end":{"line":37,"column":58}},"type":"if","locations":[{"start":{"line":37,"column":4},"end":{"line":37,"column":58}},{"start":{},"end":{}}],"line":37},"1":{"loc":{"start":{"line":70,"column":15},"end":{"line":70,"column":50}},"type":"cond-expr","locations":[{"start":{"line":70,"column":27},"end":{"line":70,"column":38}},{"start":{"line":70,"column":41},"end":{"line":70,"column":50}}],"line":70}},"s":{"0":1,"1":0,"2":0,"3":0,"4":0,"5":0,"6":0,"7":0,"8":0,"9":0,"10":0,"11":0,"12":0,"13":0,"14":0,"15":0,"16":0,"17":0,"18":0,"19":0},"f":{"0":0,"1":0,"2":0,"3":0,"4":0,"5":0,"6":0},"b":{"0":[0,0],"1":[0,0]},"_coverageSchema":"1a1c01bbd47fc00a2c39e90264f33305004495a9","hash":"4453160c0d3eb4a3e8c054c01e242f4d2cc4addc"}
,"C:\\Users\\Solanki Haresh\\Desktop\\Baatain-chat-app\\Baatain-chat-app\\client\\src\\modules\\auth\\login\\login-manager.ts": {"path":"C:\\Users\\Solanki Haresh\\Desktop\\Baatain-chat-app\\Baatain-chat-app\\client\\src\\modules\\auth\\login\\login-manager.ts","statementMap":{"0":{"start":{"line":12,"column":34},"end":{"line":19,"column":1}},"1":{"start":{"line":13,"column":4},"end":{"line":17,"column":5}},"2":{"start":{"line":14,"column":8},"end":{"line":16,"column":9}},"3":{"start":{"line":15,"column":12},"end":{"line":15,"column":66}},"4":{"start":{"line":18,"column":4},"end":{"line":18,"column":15}},"5":{"start":{"line":26,"column":33},"end":{"line":47,"column":1}},"6":{"start":{"line":27,"column":53},"end":{"line":27,"column":73}},"7":{"start":{"line":28,"column":18},"end":{"line":28,"column":23}},"8":{"start":{"line":29,"column":4},"end":{"line":45,"column":6}},"9":{"start":{"line":30,"column":8},"end":{"line":44,"column":9}},"10":{"start":{"line":31,"column":12},"end":{"line":31,"column":27}},"11":{"start":{"line":32,"column":12},"end":{"line":32,"column":75}},"12":{"start":{"line":32,"column":31},"end":{"line":32,"column":72}},"13":{"start":{"line":34,"column":12},"end":{"line":43,"column":13}},"14":{"start":{"line":35,"column":35},"end":{"line":35,"column":63}},"15":{"start":{"line":36,"column":16},"end":{"line":42,"column":17}},"16":{"start":{"line":37,"column":20},"end":{"line":37,"column":35}},"17":{"start":{"line":38,"column":20},"end":{"line":38,"column":77}},"18":{"start":{"line":38,"column":39},"end":{"line":38,"column":75}},"19":{"start":{"line":39,"column":20},"end":{"line":39,"column":26}},"20":{"start":{"line":41,"column":20},"end":{"line":41,"column":63}},"21":{"start":{"line":41,"column":39},"end":{"line":41,"column":61}},"22":{"start":{"line":46,"column":4},"end":{"line":46,"column":18}},"23":{"start":{"line":66,"column":31},"end":{"line":77,"column":1}},"24":{"start":{"line":67,"column":4},"end":{"line":67,"column":39}},"25":{"start":{"line":68,"column":4},"end":{"line":76,"column":6}},"26":{"start":{"line":70,"column":21},"end":{"line":70,"column":30}},"27":{"start":{"line":71,"column":8},"end":{"line":71,"column":26}},"28":{"start":{"line":73,"column":24},"end":{"line":73,"column":42}},"29":{"start":{"line":75,"column":8},"end":{"line":75,"column":43}}},"fnMap":{"0":{"name":"(anonymous_0)","decl":{"start":{"line":12,"column":34},"end":{"line":12,"column":35}},"loc":{"start":{"line":12,"column":85},"end":{"line":19,"column":1}},"line":12},"1":{"name":"(anonymous_1)","decl":{"start":{"line":26,"column":33},"end":{"line":26,"column":34}},"loc":{"start":{"line":26,"column":82},"end":{"line":47,"column":1}},"line":26},"2":{"name":"(anonymous_2)","decl":{"start":{"line":29,"column":23},"end":{"line":29,"column":24}},"loc":{"start":{"line":29,"column":34},"end":{"line":45,"column":5}},"line":29},"3":{"name":"(anonymous_3)","decl":{"start":{"line":32,"column":22},"end":{"line":32,"column":23}},"loc":{"start":{"line":32,"column":31},"end":{"line":32,"column":72}},"line":32},"4":{"name":"(anonymous_4)","decl":{"start":{"line":38,"column":30},"end":{"line":38,"column":31}},"loc":{"start":{"line":38,"column":39},"end":{"line":38,"column":75}},"line":38},"5":{"name":"(anonymous_5)","decl":{"start":{"line":41,"column":30},"end":{"line":41,"column":31}},"loc":{"start":{"line":41,"column":39},"end":{"line":41,"column":61}},"line":41},"6":{"name":"(anonymous_6)","decl":{"start":{"line":66,"column":31},"end":{"line":66,"column":32}},"loc":{"start":{"line":66,"column":85},"end":{"line":77,"column":1}},"line":66},"7":{"name":"(anonymous_7)","decl":{"start":{"line":69,"column":10},"end":{"line":69,"column":11}},"loc":{"start":{"line":69,"column":17},"end":{"line":72,"column":5}},"line":69},"8":{"name":"(anonymous_8)","decl":{"start":{"line":73,"column":11},"end":{"line":73,"column":12}},"loc":{"start":{"line":73,"column":24},"end":{"line":73,"column":42}},"line":73},"9":{"name":"(anonymous_9)","decl":{"start":{"line":74,"column":13},"end":{"line":74,"column":14}},"loc":{"start":{"line":74,"column":19},"end":{"line":76,"column":5}},"line":74}},"branchMap":{"0":{"loc":{"start":{"line":13,"column":4},"end":{"line":17,"column":5}},"type":"if","locations":[{"start":{"line":13,"column":4},"end":{"line":17,"column":5}},{"start":{},"end":{}}],"line":13},"1":{"loc":{"start":{"line":14,"column":8},"end":{"line":16,"column":9}},"type":"if","locations":[{"start":{"line":14,"column":8},"end":{"line":16,"column":9}},{"start":{},"end":{}}],"line":14},"2":{"loc":{"start":{"line":30,"column":8},"end":{"line":44,"column":9}},"type":"if","locations":[{"start":{"line":30,"column":8},"end":{"line":44,"column":9}},{"start":{"line":33,"column":15},"end":{"line":44,"column":9}}],"line":30},"3":{"loc":{"start":{"line":34,"column":12},"end":{"line":43,"column":13}},"type":"if","locations":[{"start":{"line":34,"column":12},"end":{"line":43,"column":13}},{"start":{},"end":{}}],"line":34},"4":{"loc":{"start":{"line":36,"column":16},"end":{"line":42,"column":17}},"type":"if","locations":[{"start":{"line":36,"column":16},"end":{"line":42,"column":17}},{"start":{"line":40,"column":23},"end":{"line":42,"column":17}}],"line":36},"5":{"loc":{"start":{"line":36,"column":20},"end":{"line":36,"column":71}},"type":"binary-expr","locations":[{"start":{"line":36,"column":20},"end":{"line":36,"column":35}},{"start":{"line":36,"column":39},"end":{"line":36,"column":71}}],"line":36},"6":{"loc":{"start":{"line":67,"column":4},"end":{"line":67,"column":38}},"type":"binary-expr","locations":[{"start":{"line":67,"column":4},"end":{"line":67,"column":16}},{"start":{"line":67,"column":20},"end":{"line":67,"column":38}}],"line":67},"7":{"loc":{"start":{"line":71,"column":8},"end":{"line":71,"column":26}},"type":"binary-expr","locations":[{"start":{"line":71,"column":8},"end":{"line":71,"column":12}},{"start":{"line":71,"column":16},"end":{"line":71,"column":26}}],"line":71},"8":{"loc":{"start":{"line":75,"column":8},"end":{"line":75,"column":43}},"type":"binary-expr","locations":[{"start":{"line":75,"column":8},"end":{"line":75,"column":20}},{"start":{"line":75,"column":24},"end":{"line":75,"column":43}}],"line":75}},"s":{"0":1,"1":0,"2":0,"3":0,"4":0,"5":1,"6":0,"7":0,"8":0,"9":0,"10":0,"11":0,"12":0,"13":0,"14":0,"15":0,"16":0,"17":0,"18":0,"19":0,"20":0,"21":0,"22":0,"23":1,"24":0,"25":0,"26":0,"27":0,"28":0,"29":0},"f":{"0":0,"1":0,"2":0,"3":0,"4":0,"5":0,"6":0,"7":0,"8":0,"9":0},"b":{"0":[0,0],"1":[0,0],"2":[0,0],"3":[0,0],"4":[0,0],"5":[0,0],"6":[0,0],"7":[0,0],"8":[0,0]},"_coverageSchema":"1a1c01bbd47fc00a2c39e90264f33305004495a9","hash":"7cab05ef08dc72498e4ab6f190b57ec47d9e1f2b"}
,"C:\\Users\\Solanki Haresh\\Desktop\\Baatain-chat-app\\Baatain-chat-app\\client\\src\\services\\randomBetween.tsx": {"path":"C:\\Users\\Solanki Haresh\\Desktop\\Baatain-chat-app\\Baatain-chat-app\\client\\src\\services\\randomBetween.tsx","statementMap":{"0":{"start":{"line":1,"column":29},"end":{"line":3,"column":1}},"1":{"start":{"line":2,"column":2},"end":{"line":2,"column":58}}},"fnMap":{"0":{"name":"(anonymous_0)","decl":{"start":{"line":1,"column":29},"end":{"line":1,"column":30}},"loc":{"start":{"line":1,"column":59},"end":{"line":3,"column":1}},"line":1}},"branchMap":{},"s":{"0":1,"1":1},"f":{"0":1},"b":{},"_coverageSchema":"1a1c01bbd47fc00a2c39e90264f33305004495a9","hash":"467273169c50f9f2b0e226dd43eba8e03574ed46"}
}
